<?xml version="1.0" encoding="UTF-8"?>
<!-- Generated by org.testng.reporters.JUnitReportReporter -->
<testsuite hostname="hni-hungnguyen" failures="0" tests="10" name="testcases.Testcases" time="32.058" errors="0" timestamp="2020-05-18T17:41:35 ICT" skipped="9">
  <testcase classname="testcases.Testcases" name="day10" time="32.058"/>
  <system-out/>
  <testcase classname="testcases.Testcases" name="day3">
    <skipped/>
  </testcase> <!-- day3 -->
  <system-out/>
  <testcase classname="testcases.Testcases" name="day1">
    <skipped/>
  </testcase> <!-- day1 -->
  <system-out/>
  <testcase classname="testcases.Testcases" name="day2">
    <skipped/>
  </testcase> <!-- day2 -->
  <system-out/>
  <testcase classname="testcases.Testcases" name="day7">
    <skipped/>
  </testcase> <!-- day7 -->
  <system-out/>
  <testcase classname="testcases.Testcases" name="day5">
    <skipped/>
  </testcase> <!-- day5 -->
  <system-out/>
  <testcase classname="testcases.Testcases" name="day6">
    <skipped/>
  </testcase> <!-- day6 -->
  <system-out/>
  <testcase classname="testcases.Testcases" name="day4">
    <skipped/>
  </testcase> <!-- day4 -->
  <system-out/>
  <testcase classname="testcases.Testcases" name="day9">
    <skipped/>
  </testcase> <!-- day9 -->
  <system-out/>
  <testcase classname="testcases.Testcases" name="day8">
    <skipped/>
  </testcase> <!-- day8 -->
  <system-out/>
</testsuite> <!-- testcases.Testcases -->
