<?xml version="1.0" encoding="UTF-8"?>
<!-- Generated by org.testng.reporters.JUnitReportReporter -->
<testsuite hostname="PRECISION-7710" failures="0" tests="11" name="testcases.Testcases" time="5.673" errors="0" timestamp="2020-05-21T00:04:05 ICT" skipped="10">
  <testcase classname="testcases.Testcases" name="day13" time="5.673"/>
  <system-out/>
  <testcase classname="testcases.Testcases" name="day3">
    <skipped/>
  </testcase> <!-- day3 -->
  <system-out/>
  <testcase classname="testcases.Testcases" name="day1">
    <skipped/>
  </testcase> <!-- day1 -->
  <system-out/>
  <testcase classname="testcases.Testcases" name="day2">
    <skipped/>
  </testcase> <!-- day2 -->
  <system-out/>
  <testcase classname="testcases.Testcases" name="day7">
    <skipped/>
  </testcase> <!-- day7 -->
  <system-out/>
  <testcase classname="testcases.Testcases" name="day10">
    <skipped/>
  </testcase> <!-- day10 -->
  <system-out/>
  <testcase classname="testcases.Testcases" name="day5">
    <skipped/>
  </testcase> <!-- day5 -->
  <system-out/>
  <testcase classname="testcases.Testcases" name="day6">
    <skipped/>
  </testcase> <!-- day6 -->
  <system-out/>
  <testcase classname="testcases.Testcases" name="day4">
    <skipped/>
  </testcase> <!-- day4 -->
  <system-out/>
  <testcase classname="testcases.Testcases" name="day9">
    <skipped/>
  </testcase> <!-- day9 -->
  <system-out/>
  <testcase classname="testcases.Testcases" name="day8">
    <skipped/>
  </testcase> <!-- day8 -->
  <system-out/>
</testsuite> <!-- testcases.Testcases -->
