<?xml version="1.0" encoding="UTF-8"?>
<!-- Generated by org.testng.reporters.JUnitReportReporter -->
<testsuite hostname="hni-hungnguyen" failures="0" tests="1" name="day1.Page" time="3.517" errors="0" timestamp="2020-05-13T14:24:58 ICT" skipped="0">
  <testcase classname="day1.Page" name="day1" time="3.517"/>
  <system-out/>
</testsuite> <!-- day1.Page -->
